<?xml version="1.0" encoding="UTF-8"?>
<coverage generated="1607497541597" clover="3.2.0">
  <project timestamp="1607497541597" name="All files">
    <metrics statements="14" coveredstatements="14" conditionals="77" coveredconditionals="47" methods="23" coveredmethods="18" elements="114" coveredelements="79" complexity="0" loc="14" ncloc="14" packages="2" files="2" classes="2"/>
    <package name="UnitTestPractice">
      <metrics statements="6" coveredstatements="6" conditionals="73" coveredconditionals="44" methods="21" coveredmethods="16"/>
      <file name="App.js" path="C:\Users\Anik Chowdhury\Desktop\React\UnitTestPractice\App.js">
        <metrics statements="6" coveredstatements="6" conditionals="73" coveredconditionals="44" methods="21" coveredmethods="16"/>
        <line num="1" count="1" type="stmt"/>
        <line num="2" count="28" type="cond" truecount="44" falsecount="29"/>
        <line num="3" count="1" type="stmt"/>
        <line num="5" count="1" type="stmt"/>
        <line num="7" count="1" type="stmt"/>
        <line num="9" count="1" type="stmt"/>
      </file>
    </package>
    <package name="UnitTestPractice.src.component">
      <metrics statements="8" coveredstatements="8" conditionals="4" coveredconditionals="3" methods="2" coveredmethods="2"/>
      <file name="button.js" path="C:\Users\Anik Chowdhury\Desktop\React\UnitTestPractice\src\component\button.js">
        <metrics statements="8" coveredstatements="8" conditionals="4" coveredconditionals="3" methods="2" coveredmethods="2"/>
        <line num="1" count="2" type="stmt"/>
        <line num="2" count="2" type="cond" truecount="3" falsecount="1"/>
        <line num="4" count="2" type="stmt"/>
        <line num="5" count="2" type="stmt"/>
        <line num="6" count="2" type="stmt"/>
        <line num="7" count="2" type="stmt"/>
        <line num="16" count="2" type="stmt"/>
        <line num="36" count="2" type="stmt"/>
      </file>
    </package>
  </project>
</coverage>
