{"C:\\Users\\Anik Chowdhury\\Desktop\\React\\UnitTestPractice\\App.js": {"path":"C:\\Users\\Anik Chowdhury\\Desktop\\React\\UnitTestPractice\\App.js","statementMap":{"0":{"start":{"line":1,"column":13},"end":{"line":1,"column":75}},"1":{"start":{"line":1,"column":75},"end":{"line":1,"column":100}},"2":{"start":{"line":1,"column":113},"end":{"line":1,"column":154}},"3":{"start":{"line":2,"column":14},"end":{"line":2,"column":71}},"4":{"start":{"line":2,"column":91},"end":{"line":2,"column":160}},"5":{"start":{"line":2,"column":199},"end":{"line":2,"column":253}},"6":{"start":{"line":2,"column":291},"end":{"line":2,"column":338}},"7":{"start":{"line":2,"column":326},"end":{"line":2,"column":338}},"8":{"start":{"line":2,"column":350},"end":{"line":2,"column":363}},"9":{"start":{"line":2,"column":364},"end":{"line":2,"column":443}},"10":{"start":{"line":2,"column":428},"end":{"line":2,"column":441}},"11":{"start":{"line":2,"column":443},"end":{"line":2,"column":456}},"12":{"start":{"line":2,"column":496},"end":{"line":2,"column":536}},"13":{"start":{"line":2,"column":524},"end":{"line":2,"column":535}},"14":{"start":{"line":2,"column":536},"end":{"line":2,"column":636}},"15":{"start":{"line":2,"column":611},"end":{"line":2,"column":635}},"16":{"start":{"line":2,"column":648},"end":{"line":2,"column":674}},"17":{"start":{"line":2,"column":675},"end":{"line":2,"column":728}},"18":{"start":{"line":2,"column":705},"end":{"line":2,"column":727}},"19":{"start":{"line":2,"column":741},"end":{"line":2,"column":743}},"20":{"start":{"line":2,"column":772},"end":{"line":2,"column":828}},"21":{"start":{"line":2,"column":829},"end":{"line":2,"column":1100}},"22":{"start":{"line":2,"column":851},"end":{"line":2,"column":1099}},"23":{"start":{"line":2,"column":915},"end":{"line":2,"column":987}},"24":{"start":{"line":2,"column":988},"end":{"line":2,"column":1098}},"25":{"start":{"line":2,"column":1025},"end":{"line":2,"column":1066}},"26":{"start":{"line":2,"column":1074},"end":{"line":2,"column":1097}},"27":{"start":{"line":2,"column":1100},"end":{"line":2,"column":1121}},"28":{"start":{"line":2,"column":1121},"end":{"line":2,"column":1157}},"29":{"start":{"line":2,"column":1133},"end":{"line":2,"column":1156}},"30":{"start":{"line":2,"column":1157},"end":{"line":2,"column":1171}},"31":{"start":{"line":2,"column":1221},"end":{"line":2,"column":1320}},"32":{"start":{"line":2,"column":1262},"end":{"line":2,"column":1319}},"33":{"start":{"line":2,"column":1364},"end":{"line":2,"column":1629}},"34":{"start":{"line":2,"column":1377},"end":{"line":2,"column":1378}},"35":{"start":{"line":2,"column":1421},"end":{"line":2,"column":1429}},"36":{"start":{"line":2,"column":1430},"end":{"line":2,"column":1485}},"37":{"start":{"line":2,"column":1485},"end":{"line":2,"column":1516}},"38":{"start":{"line":2,"column":1516},"end":{"line":2,"column":1570}},"39":{"start":{"line":2,"column":1543},"end":{"line":2,"column":1570}},"40":{"start":{"line":2,"column":1570},"end":{"line":2,"column":1628}},"41":{"start":{"line":2,"column":1691},"end":{"line":2,"column":1760}},"42":{"start":{"line":2,"column":1707},"end":{"line":2,"column":1760}},"43":{"start":{"line":2,"column":1760},"end":{"line":2,"column":1821}},"44":{"start":{"line":2,"column":1777},"end":{"line":2,"column":1821}},"45":{"start":{"line":2,"column":1821},"end":{"line":2,"column":1840}},"46":{"start":{"line":2,"column":1883},"end":{"line":2,"column":2020}},"47":{"start":{"line":2,"column":1945},"end":{"line":2,"column":2019}},"48":{"start":{"line":2,"column":2020},"end":{"line":2,"column":2165}},"49":{"start":{"line":2,"column":2165},"end":{"line":2,"column":2219}},"50":{"start":{"line":2,"column":2181},"end":{"line":2,"column":2219}},"51":{"start":{"line":2,"column":2252},"end":{"line":2,"column":2354}},"52":{"start":{"line":2,"column":2327},"end":{"line":2,"column":2343}},"53":{"start":{"line":2,"column":2343},"end":{"line":2,"column":2352}},"54":{"start":{"line":2,"column":2354},"end":{"line":2,"column":2383}},"55":{"start":{"line":2,"column":2448},"end":{"line":2,"column":2475}},"56":{"start":{"line":2,"column":2476},"end":{"line":2,"column":2795}},"57":{"start":{"line":2,"column":2528},"end":{"line":2,"column":2552}},"58":{"start":{"line":2,"column":2560},"end":{"line":2,"column":2745}},"59":{"start":{"line":2,"column":2608},"end":{"line":2,"column":2641}},"60":{"start":{"line":2,"column":2642},"end":{"line":2,"column":2698}},"61":{"start":{"line":2,"column":2706},"end":{"line":2,"column":2744}},"62":{"start":{"line":2,"column":2745},"end":{"line":2,"column":2793}},"63":{"start":{"line":2,"column":2845},"end":{"line":2,"column":2929}},"64":{"start":{"line":2,"column":2916},"end":{"line":2,"column":2928}},"65":{"start":{"line":2,"column":2929},"end":{"line":2,"column":2965}},"66":{"start":{"line":2,"column":3005},"end":{"line":2,"column":3114}},"67":{"start":{"line":2,"column":3027},"end":{"line":2,"column":3113}},"68":{"start":{"line":2,"column":3114},"end":{"line":2,"column":3126}},"69":{"start":{"line":2,"column":3165},"end":{"line":2,"column":3236}},"70":{"start":{"line":2,"column":3223},"end":{"line":2,"column":3236}},"71":{"start":{"line":2,"column":3236},"end":{"line":2,"column":3277}},"72":{"start":{"line":2,"column":3264},"end":{"line":2,"column":3277}},"73":{"start":{"line":2,"column":3277},"end":{"line":2,"column":3322}},"74":{"start":{"line":2,"column":3310},"end":{"line":2,"column":3322}},"75":{"start":{"line":2,"column":3322},"end":{"line":2,"column":3440}},"76":{"start":{"line":2,"column":3327},"end":{"line":2,"column":3401}},"77":{"start":{"line":2,"column":3401},"end":{"line":2,"column":3413}},"78":{"start":{"line":2,"column":3426},"end":{"line":2,"column":3439}},"79":{"start":{"line":2,"column":3470},"end":{"line":2,"column":3614}},"80":{"start":{"line":2,"column":3565},"end":{"line":2,"column":3612}},"81":{"start":{"line":2,"column":3614},"end":{"line":2,"column":3640}},"82":{"start":{"line":3,"column":6},"end":{"line":7,"column":40}},"83":{"start":{"line":3,"column":29},"end":{"line":3,"column":56}},"84":{"start":{"line":3,"column":69},"end":{"line":3,"column":86}},"85":{"start":{"line":3,"column":103},"end":{"line":3,"column":130}},"86":{"start":{"line":3,"column":130},"end":{"line":3,"column":167}},"87":{"start":{"line":3,"column":168},"end":{"line":7,"column":10}},"88":{"start":{"line":5,"column":6},"end":{"line":6,"column":168}},"89":{"start":{"line":7,"column":10},"end":{"line":7,"column":21}},"90":{"start":{"line":9,"column":0},"end":{"line":9,"column":3}},"91":{"start":{"line":9,"column":4},"end":{"line":9,"column":31}}},"fnMap":{"0":{"name":"_interopRequireDefault","decl":{"start":{"line":2,"column":170},"end":{"line":2,"column":192}},"loc":{"start":{"line":2,"column":198},"end":{"line":2,"column":254}},"line":2},"1":{"name":"_getRequireWildcardCache","decl":{"start":{"line":2,"column":263},"end":{"line":2,"column":287}},"loc":{"start":{"line":2,"column":290},"end":{"line":2,"column":457}},"line":2},"2":{"name":"_getRequireWildcardCache","decl":{"start":{"line":2,"column":400},"end":{"line":2,"column":424}},"loc":{"start":{"line":2,"column":427},"end":{"line":2,"column":442}},"line":2},"3":{"name":"_interopRequireWildcard","decl":{"start":{"line":2,"column":466},"end":{"line":2,"column":489}},"loc":{"start":{"line":2,"column":495},"end":{"line":2,"column":1172}},"line":2},"4":{"name":"_classCallCheck","decl":{"start":{"line":2,"column":1181},"end":{"line":2,"column":1196}},"loc":{"start":{"line":2,"column":1220},"end":{"line":2,"column":1321}},"line":2},"5":{"name":"_defineProperties","decl":{"start":{"line":2,"column":1330},"end":{"line":2,"column":1347}},"loc":{"start":{"line":2,"column":1363},"end":{"line":2,"column":1630}},"line":2},"6":{"name":"_createClass","decl":{"start":{"line":2,"column":1639},"end":{"line":2,"column":1651}},"loc":{"start":{"line":2,"column":1690},"end":{"line":2,"column":1841}},"line":2},"7":{"name":"_inherits","decl":{"start":{"line":2,"column":1850},"end":{"line":2,"column":1859}},"loc":{"start":{"line":2,"column":1882},"end":{"line":2,"column":2220}},"line":2},"8":{"name":"_setPrototypeOf","decl":{"start":{"line":2,"column":2229},"end":{"line":2,"column":2244}},"loc":{"start":{"line":2,"column":2251},"end":{"line":2,"column":2384}},"line":2},"9":{"name":"_setPrototypeOf","decl":{"start":{"line":2,"column":2304},"end":{"line":2,"column":2319}},"loc":{"start":{"line":2,"column":2326},"end":{"line":2,"column":2353}},"line":2},"10":{"name":"_createSuper","decl":{"start":{"line":2,"column":2393},"end":{"line":2,"column":2405}},"loc":{"start":{"line":2,"column":2415},"end":{"line":2,"column":2796}},"line":2},"11":{"name":"_createSuperInternal","decl":{"start":{"line":2,"column":2492},"end":{"line":2,"column":2512}},"loc":{"start":{"line":2,"column":2515},"end":{"line":2,"column":2794}},"line":2},"12":{"name":"_possibleConstructorReturn","decl":{"start":{"line":2,"column":2805},"end":{"line":2,"column":2831}},"loc":{"start":{"line":2,"column":2844},"end":{"line":2,"column":2966}},"line":2},"13":{"name":"_assertThisInitialized","decl":{"start":{"line":2,"column":2975},"end":{"line":2,"column":2997}},"loc":{"start":{"line":2,"column":3004},"end":{"line":2,"column":3127}},"line":2},"14":{"name":"_isNativeReflectConstruct","decl":{"start":{"line":2,"column":3136},"end":{"line":2,"column":3161}},"loc":{"start":{"line":2,"column":3164},"end":{"line":2,"column":3441}},"line":2},"15":{"name":"(anonymous_15)","decl":{"start":{"line":2,"column":3384},"end":{"line":2,"column":3385}},"loc":{"start":{"line":2,"column":3396},"end":{"line":2,"column":3398}},"line":2},"16":{"name":"_getPrototypeOf","decl":{"start":{"line":2,"column":3450},"end":{"line":2,"column":3465}},"loc":{"start":{"line":2,"column":3469},"end":{"line":2,"column":3641}},"line":2},"17":{"name":"_getPrototypeOf","decl":{"start":{"line":2,"column":3545},"end":{"line":2,"column":3560}},"loc":{"start":{"line":2,"column":3564},"end":{"line":2,"column":3613}},"line":2},"18":{"name":"(anonymous_18)","decl":{"start":{"line":3,"column":6},"end":{"line":3,"column":7}},"loc":{"start":{"line":3,"column":28},"end":{"line":7,"column":22}},"line":3},"19":{"name":"App","decl":{"start":{"line":3,"column":96},"end":{"line":3,"column":99}},"loc":{"start":{"line":3,"column":102},"end":{"line":3,"column":168}},"line":3},"20":{"name":"render","decl":{"start":{"line":3,"column":220},"end":{"line":3,"column":226}},"loc":{"start":{"line":4,"column":4},"end":{"line":7,"column":5}},"line":4}},"branchMap":{"0":{"loc":{"start":{"line":2,"column":206},"end":{"line":2,"column":252}},"type":"cond-expr","locations":[{"start":{"line":2,"column":230},"end":{"line":2,"column":233}},{"start":{"line":2,"column":236},"end":{"line":2,"column":252}}],"line":2},"1":{"loc":{"start":{"line":2,"column":206},"end":{"line":2,"column":227}},"type":"binary-expr","locations":[{"start":{"line":2,"column":206},"end":{"line":2,"column":209}},{"start":{"line":2,"column":213},"end":{"line":2,"column":227}}],"line":2},"2":{"loc":{"start":{"line":2,"column":291},"end":{"line":2,"column":338}},"type":"if","locations":[{"start":{"line":2,"column":291},"end":{"line":2,"column":338}},{"start":{"line":2,"column":291},"end":{"line":2,"column":338}}],"line":2},"3":{"loc":{"start":{"line":2,"column":496},"end":{"line":2,"column":536}},"type":"if","locations":[{"start":{"line":2,"column":496},"end":{"line":2,"column":536}},{"start":{"line":2,"column":496},"end":{"line":2,"column":536}}],"line":2},"4":{"loc":{"start":{"line":2,"column":500},"end":{"line":2,"column":521}},"type":"binary-expr","locations":[{"start":{"line":2,"column":500},"end":{"line":2,"column":503}},{"start":{"line":2,"column":507},"end":{"line":2,"column":521}}],"line":2},"5":{"loc":{"start":{"line":2,"column":536},"end":{"line":2,"column":636}},"type":"if","locations":[{"start":{"line":2,"column":536},"end":{"line":2,"column":636}},{"start":{"line":2,"column":536},"end":{"line":2,"column":636}}],"line":2},"6":{"loc":{"start":{"line":2,"column":540},"end":{"line":2,"column":608}},"type":"binary-expr","locations":[{"start":{"line":2,"column":540},"end":{"line":2,"column":552}},{"start":{"line":2,"column":556},"end":{"line":2,"column":579}},{"start":{"line":2,"column":583},"end":{"line":2,"column":608}}],"line":2},"7":{"loc":{"start":{"line":2,"column":675},"end":{"line":2,"column":728}},"type":"if","locations":[{"start":{"line":2,"column":675},"end":{"line":2,"column":728}},{"start":{"line":2,"column":675},"end":{"line":2,"column":728}}],"line":2},"8":{"loc":{"start":{"line":2,"column":679},"end":{"line":2,"column":702}},"type":"binary-expr","locations":[{"start":{"line":2,"column":679},"end":{"line":2,"column":684}},{"start":{"line":2,"column":688},"end":{"line":2,"column":702}}],"line":2},"9":{"loc":{"start":{"line":2,"column":772},"end":{"line":2,"column":828}},"type":"binary-expr","locations":[{"start":{"line":2,"column":772},"end":{"line":2,"column":793}},{"start":{"line":2,"column":797},"end":{"line":2,"column":828}}],"line":2},"10":{"loc":{"start":{"line":2,"column":851},"end":{"line":2,"column":1099}},"type":"if","locations":[{"start":{"line":2,"column":851},"end":{"line":2,"column":1099}},{"start":{"line":2,"column":851},"end":{"line":2,"column":1099}}],"line":2},"11":{"loc":{"start":{"line":2,"column":915},"end":{"line":2,"column":987}},"type":"cond-expr","locations":[{"start":{"line":2,"column":939},"end":{"line":2,"column":980}},{"start":{"line":2,"column":983},"end":{"line":2,"column":987}}],"line":2},"12":{"loc":{"start":{"line":2,"column":988},"end":{"line":2,"column":1098}},"type":"if","locations":[{"start":{"line":2,"column":988},"end":{"line":2,"column":1098}},{"start":{"line":2,"column":988},"end":{"line":2,"column":1098}}],"line":2},"13":{"loc":{"start":{"line":2,"column":992},"end":{"line":2,"column":1022}},"type":"binary-expr","locations":[{"start":{"line":2,"column":992},"end":{"line":2,"column":996}},{"start":{"line":2,"column":1001},"end":{"line":2,"column":1009}},{"start":{"line":2,"column":1013},"end":{"line":2,"column":1021}}],"line":2},"14":{"loc":{"start":{"line":2,"column":1121},"end":{"line":2,"column":1157}},"type":"if","locations":[{"start":{"line":2,"column":1121},"end":{"line":2,"column":1157}},{"start":{"line":2,"column":1121},"end":{"line":2,"column":1157}}],"line":2},"15":{"loc":{"start":{"line":2,"column":1221},"end":{"line":2,"column":1320}},"type":"if","locations":[{"start":{"line":2,"column":1221},"end":{"line":2,"column":1320}},{"start":{"line":2,"column":1221},"end":{"line":2,"column":1320}}],"line":2},"16":{"loc":{"start":{"line":2,"column":1454},"end":{"line":2,"column":1484}},"type":"binary-expr","locations":[{"start":{"line":2,"column":1454},"end":{"line":2,"column":1475}},{"start":{"line":2,"column":1479},"end":{"line":2,"column":1484}}],"line":2},"17":{"loc":{"start":{"line":2,"column":1516},"end":{"line":2,"column":1570}},"type":"if","locations":[{"start":{"line":2,"column":1516},"end":{"line":2,"column":1570}},{"start":{"line":2,"column":1516},"end":{"line":2,"column":1570}}],"line":2},"18":{"loc":{"start":{"line":2,"column":1691},"end":{"line":2,"column":1760}},"type":"if","locations":[{"start":{"line":2,"column":1691},"end":{"line":2,"column":1760}},{"start":{"line":2,"column":1691},"end":{"line":2,"column":1760}}],"line":2},"19":{"loc":{"start":{"line":2,"column":1760},"end":{"line":2,"column":1821}},"type":"if","locations":[{"start":{"line":2,"column":1760},"end":{"line":2,"column":1821}},{"start":{"line":2,"column":1760},"end":{"line":2,"column":1821}}],"line":2},"20":{"loc":{"start":{"line":2,"column":1883},"end":{"line":2,"column":2020}},"type":"if","locations":[{"start":{"line":2,"column":1883},"end":{"line":2,"column":2020}},{"start":{"line":2,"column":1883},"end":{"line":2,"column":2020}}],"line":2},"21":{"loc":{"start":{"line":2,"column":1887},"end":{"line":2,"column":1942}},"type":"binary-expr","locations":[{"start":{"line":2,"column":1887},"end":{"line":2,"column":1919}},{"start":{"line":2,"column":1923},"end":{"line":2,"column":1942}}],"line":2},"22":{"loc":{"start":{"line":2,"column":2055},"end":{"line":2,"column":2089}},"type":"binary-expr","locations":[{"start":{"line":2,"column":2055},"end":{"line":2,"column":2065}},{"start":{"line":2,"column":2069},"end":{"line":2,"column":2089}}],"line":2},"23":{"loc":{"start":{"line":2,"column":2165},"end":{"line":2,"column":2219}},"type":"if","locations":[{"start":{"line":2,"column":2165},"end":{"line":2,"column":2219}},{"start":{"line":2,"column":2165},"end":{"line":2,"column":2219}}],"line":2},"24":{"loc":{"start":{"line":2,"column":2270},"end":{"line":2,"column":2353}},"type":"binary-expr","locations":[{"start":{"line":2,"column":2270},"end":{"line":2,"column":2291}},{"start":{"line":2,"column":2295},"end":{"line":2,"column":2353}}],"line":2},"25":{"loc":{"start":{"line":2,"column":2560},"end":{"line":2,"column":2745}},"type":"if","locations":[{"start":{"line":2,"column":2560},"end":{"line":2,"column":2745}},{"start":{"line":2,"column":2560},"end":{"line":2,"column":2745}}],"line":2},"26":{"loc":{"start":{"line":2,"column":2845},"end":{"line":2,"column":2929}},"type":"if","locations":[{"start":{"line":2,"column":2845},"end":{"line":2,"column":2929}},{"start":{"line":2,"column":2845},"end":{"line":2,"column":2929}}],"line":2},"27":{"loc":{"start":{"line":2,"column":2849},"end":{"line":2,"column":2913}},"type":"binary-expr","locations":[{"start":{"line":2,"column":2849},"end":{"line":2,"column":2853}},{"start":{"line":2,"column":2858},"end":{"line":2,"column":2882}},{"start":{"line":2,"column":2886},"end":{"line":2,"column":2912}}],"line":2},"28":{"loc":{"start":{"line":2,"column":3005},"end":{"line":2,"column":3114}},"type":"if","locations":[{"start":{"line":2,"column":3005},"end":{"line":2,"column":3114}},{"start":{"line":2,"column":3005},"end":{"line":2,"column":3114}}],"line":2},"29":{"loc":{"start":{"line":2,"column":3165},"end":{"line":2,"column":3236}},"type":"if","locations":[{"start":{"line":2,"column":3165},"end":{"line":2,"column":3236}},{"start":{"line":2,"column":3165},"end":{"line":2,"column":3236}}],"line":2},"30":{"loc":{"start":{"line":2,"column":3169},"end":{"line":2,"column":3221}},"type":"binary-expr","locations":[{"start":{"line":2,"column":3169},"end":{"line":2,"column":3199}},{"start":{"line":2,"column":3203},"end":{"line":2,"column":3221}}],"line":2},"31":{"loc":{"start":{"line":2,"column":3236},"end":{"line":2,"column":3277}},"type":"if","locations":[{"start":{"line":2,"column":3236},"end":{"line":2,"column":3277}},{"start":{"line":2,"column":3236},"end":{"line":2,"column":3277}}],"line":2},"32":{"loc":{"start":{"line":2,"column":3277},"end":{"line":2,"column":3322}},"type":"if","locations":[{"start":{"line":2,"column":3277},"end":{"line":2,"column":3322}},{"start":{"line":2,"column":3277},"end":{"line":2,"column":3322}}],"line":2},"33":{"loc":{"start":{"line":2,"column":3488},"end":{"line":2,"column":3613}},"type":"cond-expr","locations":[{"start":{"line":2,"column":3512},"end":{"line":2,"column":3533}},{"start":{"line":2,"column":3536},"end":{"line":2,"column":3613}}],"line":2},"34":{"loc":{"start":{"line":2,"column":3572},"end":{"line":2,"column":3611}},"type":"binary-expr","locations":[{"start":{"line":2,"column":3572},"end":{"line":2,"column":3583}},{"start":{"line":2,"column":3587},"end":{"line":2,"column":3611}}],"line":2}},"s":{"0":1,"1":1,"2":1,"3":1,"4":1,"5":1,"6":1,"7":0,"8":1,"9":1,"10":0,"11":1,"12":1,"13":0,"14":1,"15":0,"16":1,"17":1,"18":0,"19":1,"20":1,"21":1,"22":28,"23":28,"24":28,"25":0,"26":28,"27":1,"28":1,"29":1,"30":1,"31":1,"32":0,"33":1,"34":1,"35":1,"36":1,"37":1,"38":1,"39":1,"40":1,"41":1,"42":1,"43":1,"44":0,"45":1,"46":1,"47":0,"48":1,"49":1,"50":1,"51":1,"52":0,"53":0,"54":1,"55":1,"56":1,"57":1,"58":1,"59":1,"60":1,"61":0,"62":1,"63":1,"64":1,"65":0,"66":0,"67":0,"68":0,"69":1,"70":0,"71":1,"72":0,"73":1,"74":1,"75":0,"76":0,"77":0,"78":0,"79":1,"80":0,"81":1,"82":1,"83":1,"84":1,"85":1,"86":1,"87":1,"88":1,"89":1,"90":1,"91":1},"f":{"0":1,"1":1,"2":0,"3":1,"4":1,"5":1,"6":1,"7":1,"8":1,"9":0,"10":1,"11":1,"12":1,"13":0,"14":1,"15":0,"16":1,"17":0,"18":1,"19":1,"20":1},"b":{"0":[1,0],"1":[1,1],"2":[0,1],"3":[0,1],"4":[1,1],"5":[0,1],"6":[1,1,0],"7":[0,1],"8":[1,1],"9":[1,1],"10":[28,0],"11":[28,0],"12":[0,28],"13":[28,28,28],"14":[1,0],"15":[0,1],"16":[1,1],"17":[1,0],"18":[1,0],"19":[0,1],"20":[0,1],"21":[1,0],"22":[1,1],"23":[1,0],"24":[1,0],"25":[1,0],"26":[1,0],"27":[1,1,0],"28":[0,0],"29":[0,1],"30":[1,1],"31":[0,1],"32":[1,0],"33":[1,0],"34":[0,0]},"inputSourceMap":null,"_coverageSchema":"1a1c01bbd47fc00a2c39e90264f33305004495a9","hash":"30ae1a5af6535253ee20d7dd69355a1e965947e7"}
,"C:\\Users\\Anik Chowdhury\\Desktop\\React\\UnitTestPractice\\src\\component\\button.js": {"path":"C:\\Users\\Anik Chowdhury\\Desktop\\React\\UnitTestPractice\\src\\component\\button.js","statementMap":{"0":{"start":{"line":1,"column":13},"end":{"line":1,"column":75}},"1":{"start":{"line":1,"column":75},"end":{"line":1,"column":100}},"2":{"start":{"line":1,"column":113},"end":{"line":1,"column":153}},"3":{"start":{"line":2,"column":19},"end":{"line":2,"column":42}},"4":{"start":{"line":2,"column":55},"end":{"line":2,"column":59}},"5":{"start":{"line":2,"column":75},"end":{"line":2,"column":163}},"6":{"start":{"line":2,"column":202},"end":{"line":2,"column":256}},"7":{"start":{"line":4,"column":13},"end":{"line":14,"column":1}},"8":{"start":{"line":5,"column":16},"end":{"line":5,"column":34}},"9":{"start":{"line":5,"column":47},"end":{"line":5,"column":63}},"10":{"start":{"line":6,"column":12},"end":{"line":6,"column":25}},"11":{"start":{"line":6,"column":34},"end":{"line":6,"column":45}},"12":{"start":{"line":7,"column":2},"end":{"line":10,"column":13}},"13":{"start":{"line":16,"column":13},"end":{"line":32,"column":23}},"14":{"start":{"line":36,"column":0},"end":{"line":36,"column":6}},"15":{"start":{"line":36,"column":7},"end":{"line":36,"column":34}}},"fnMap":{"0":{"name":"_interopRequireDefault","decl":{"start":{"line":2,"column":173},"end":{"line":2,"column":195}},"loc":{"start":{"line":2,"column":201},"end":{"line":2,"column":257}},"line":2},"1":{"name":"Button","decl":{"start":{"line":4,"column":22},"end":{"line":4,"column":28}},"loc":{"start":{"line":4,"column":36},"end":{"line":14,"column":1}},"line":4}},"branchMap":{"0":{"loc":{"start":{"line":2,"column":209},"end":{"line":2,"column":255}},"type":"cond-expr","locations":[{"start":{"line":2,"column":233},"end":{"line":2,"column":236}},{"start":{"line":2,"column":239},"end":{"line":2,"column":255}}],"line":2},"1":{"loc":{"start":{"line":2,"column":209},"end":{"line":2,"column":230}},"type":"binary-expr","locations":[{"start":{"line":2,"column":209},"end":{"line":2,"column":212}},{"start":{"line":2,"column":216},"end":{"line":2,"column":230}}],"line":2}},"s":{"0":2,"1":2,"2":2,"3":2,"4":2,"5":2,"6":2,"7":2,"8":2,"9":2,"10":2,"11":2,"12":2,"13":2,"14":2,"15":2},"f":{"0":2,"1":2},"b":{"0":[0,2],"1":[2,2]},"inputSourceMap":null,"_coverageSchema":"1a1c01bbd47fc00a2c39e90264f33305004495a9","hash":"e577697cbc5e3badebb8cfa7f5f3278fa15338ee"}
}
