TN:
SF:App.js
FN:2,_interopRequireDefault
FN:2,_getRequireWildcardCache
FN:2,_getRequireWildcardCache
FN:2,_interopRequireWildcard
FN:2,_classCallCheck
FN:2,_defineProperties
FN:2,_createClass
FN:2,_inherits
FN:2,_setPrototypeOf
FN:2,_setPrototypeOf
FN:2,_createSuper
FN:2,_createSuperInternal
FN:2,_possibleConstructorReturn
FN:2,_assertThisInitialized
FN:2,_isNativeReflectConstruct
FN:2,(anonymous_15)
FN:2,_getPrototypeOf
FN:2,_getPrototypeOf
FN:3,(anonymous_18)
FN:3,App
FN:3,render
FNF:21
FNH:16
FNDA:1,_interopRequireDefault
FNDA:1,_getRequireWildcardCache
FNDA:0,_getRequireWildcardCache
FNDA:1,_interopRequireWildcard
FNDA:1,_classCallCheck
FNDA:1,_defineProperties
FNDA:1,_createClass
FNDA:1,_inherits
FNDA:1,_setPrototypeOf
FNDA:0,_setPrototypeOf
FNDA:1,_createSuper
FNDA:1,_createSuperInternal
FNDA:1,_possibleConstructorReturn
FNDA:0,_assertThisInitialized
FNDA:1,_isNativeReflectConstruct
FNDA:0,(anonymous_15)
FNDA:1,_getPrototypeOf
FNDA:0,_getPrototypeOf
FNDA:1,(anonymous_18)
FNDA:1,App
FNDA:1,render
DA:1,1
DA:2,28
DA:3,1
DA:5,1
DA:7,1
DA:9,1
LF:6
LH:6
BRDA:2,0,0,1
BRDA:2,0,1,0
BRDA:2,1,0,1
BRDA:2,1,1,1
BRDA:2,2,0,0
BRDA:2,2,1,1
BRDA:2,3,0,0
BRDA:2,3,1,1
BRDA:2,4,0,1
BRDA:2,4,1,1
BRDA:2,5,0,0
BRDA:2,5,1,1
BRDA:2,6,0,1
BRDA:2,6,1,1
BRDA:2,6,2,0
BRDA:2,7,0,0
BRDA:2,7,1,1
BRDA:2,8,0,1
BRDA:2,8,1,1
BRDA:2,9,0,1
BRDA:2,9,1,1
BRDA:2,10,0,28
BRDA:2,10,1,0
BRDA:2,11,0,28
BRDA:2,11,1,0
BRDA:2,12,0,0
BRDA:2,12,1,28
BRDA:2,13,0,28
BRDA:2,13,1,28
BRDA:2,13,2,28
BRDA:2,14,0,1
BRDA:2,14,1,0
BRDA:2,15,0,0
BRDA:2,15,1,1
BRDA:2,16,0,1
BRDA:2,16,1,1
BRDA:2,17,0,1
BRDA:2,17,1,0
BRDA:2,18,0,1
BRDA:2,18,1,0
BRDA:2,19,0,0
BRDA:2,19,1,1
BRDA:2,20,0,0
BRDA:2,20,1,1
BRDA:2,21,0,1
BRDA:2,21,1,0
BRDA:2,22,0,1
BRDA:2,22,1,1
BRDA:2,23,0,1
BRDA:2,23,1,0
BRDA:2,24,0,1
BRDA:2,24,1,0
BRDA:2,25,0,1
BRDA:2,25,1,0
BRDA:2,26,0,1
BRDA:2,26,1,0
BRDA:2,27,0,1
BRDA:2,27,1,1
BRDA:2,27,2,0
BRDA:2,28,0,0
BRDA:2,28,1,0
BRDA:2,29,0,0
BRDA:2,29,1,1
BRDA:2,30,0,1
BRDA:2,30,1,1
BRDA:2,31,0,0
BRDA:2,31,1,1
BRDA:2,32,0,1
BRDA:2,32,1,0
BRDA:2,33,0,1
BRDA:2,33,1,0
BRDA:2,34,0,0
BRDA:2,34,1,0
BRF:73
BRH:44
end_of_record
TN:
SF:src\component\button.js
FN:2,_interopRequireDefault
FN:4,Button
FNF:2
FNH:2
FNDA:2,_interopRequireDefault
FNDA:2,Button
DA:1,2
DA:2,2
DA:4,2
DA:5,2
DA:6,2
DA:7,2
DA:16,2
DA:36,2
LF:8
LH:8
BRDA:2,0,0,0
BRDA:2,0,1,2
BRDA:2,1,0,2
BRDA:2,1,1,2
BRF:4
BRH:3
end_of_record
